{
  "stats": {
    "suites": 1,
    "tests": 1,
    "passes": 1,
    "pending": 0,
    "failures": 0,
    "start": "2021-03-16T09:15:21.599Z",
    "end": "2021-03-16T09:16:23.598Z",
    "duration": 61999,
    "testsRegistered": 1,
    "passPercent": 100,
    "pendingPercent": 0,
    "other": 0,
    "hasOther": false,
    "skipped": 0,
    "hasSkipped": false
  },
  "results": [
    {
      "uuid": "44f5e54d-a0fd-4df2-a250-197ab4765d61",
      "title": "",
      "fullFile": "cypress\\integration\\Sgaurd\\TC08_Homepage_tab.spec.js",
      "file": "cypress\\integration\\Sgaurd\\TC08_Homepage_tab.spec.js",
      "beforeHooks": [],
      "afterHooks": [],
      "tests": [],
      "suites": [
        {
          "uuid": "37e19d40-76c6-46a0-9abe-c98be0cb70e8",
          "title": "Tab Functionality",
          "fullFile": "",
          "file": "",
          "beforeHooks": [],
          "afterHooks": [],
          "tests": [
            {
              "title": "Verify the  Tab Functionality",
              "fullTitle": "Tab Functionality Verify the  Tab Functionality",
              "timedOut": null,
              "duration": 53507,
              "state": "passed",
              "speed": "slow",
              "pass": true,
              "fail": false,
              "pending": false,
              "context": null,
              "code": "Cypress.on(\"uncaught:exception\", function (err, runnable) {\n  return false;\n}); //verify the Allgemein text \ncy.xpath(\"//span[normalize-space()='Allgemein']\").should('contain.text', 'Allgemein'); //wait 3sec\ncy.wait(3000); //click on details page \ncy.xpath(\"//span[text()='LSA Zustand']\").click({\n  force: true\n}); //wait 3sec\ncy.wait(3000); //click on Detektoren tab\ncy.xpath(\"//span[normalize-space()='Detektoren']\").should('contain.text', 'Detektoren').click({\n  force: true\n}); //wait 3sec\ncy.wait(3000); //click on Detailzustand tab\ncy.xpath(\"//span[contains(text(),'Detailzustand')]\").should('contain.text', 'Detailzustand').click({\n  force: true\n}); //wait 3sec\ncy.wait(3000); //click on Ereignisprotokoll tab\ncy.xpath(\"//span[normalize-space()='Ereignisprotokoll']\").should('contain.text', 'Ereignisprotokoll').click({\n  force: true\n}); //wait 3sec\ncy.wait(3000); //click on SP-Wechsel tab\ncy.xpath(\"//span[contains(text(),'SP-Wechsel')]\").contains('SP-Wechsel').click({\n  force: true\n}); //wait 3sec\ncy.wait(3000); //click on Notizen tab\ncy.xpath(\"//span[contains(text(),'Notizen')]\").contains('Notizen').click({\n  force: true\n}); //wait 3sec\ncy.wait(3000); //click on Signalprogramm schalten tab\ncy.xpath(\"//span[contains(text(),'Signalprogramm schalten')]\").contains('Signalprogramm schalten').click({\n  force: true\n}); //wait 3sec\ncy.wait(3000);",
              "err": {},
              "uuid": "a6619313-f5b2-48a1-9845-47b22f56b94a",
              "parentUUID": "37e19d40-76c6-46a0-9abe-c98be0cb70e8",
              "isHook": false,
              "skipped": false
            }
          ],
          "suites": [],
          "passes": [
            "a6619313-f5b2-48a1-9845-47b22f56b94a"
          ],
          "failures": [],
          "pending": [],
          "skipped": [],
          "duration": 53507,
          "root": false,
          "rootEmpty": false,
          "_timeout": 2000
        }
      ],
      "passes": [],
      "failures": [],
      "pending": [],
      "skipped": [],
      "duration": 0,
      "root": true,
      "rootEmpty": true,
      "_timeout": 2000
    }
  ],
  "meta": {
    "mocha": {
      "version": "7.0.1"
    },
    "mochawesome": {
      "options": {
        "quiet": false,
        "reportFilename": "report",
        "saveHtml": false,
        "saveJson": true,
        "consoleReporter": "spec",
        "useInlineDiffs": false,
        "code": true
      },
      "version": "6.2.2"
    },
    "marge": {
      "options": {
        "id": "default",
        "reportDir": "cypress/reports/mocha",
        "reportFilename": "report",
        "quite": true,
        "overwrite": false,
        "html": false,
        "json": true,
        "timestamp": "mmddyyyy_HHMMss"
      },
      "version": "5.2.0"
    }
  }
}