{
  "stats": {
    "suites": 15,
    "tests": 16,
    "passes": 13,
    "pending": 0,
    "failures": 3,
    "start": "2021-03-16T09:12:19.080Z",
    "end": "2021-03-16T09:22:27.739Z",
    "duration": 354054,
    "testsRegistered": 16,
    "passPercent": 81.25,
    "pendingPercent": 0,
    "other": 0,
    "hasOther": false,
    "skipped": 0,
    "hasSkipped": false
  },
  "results": [
    {
      "uuid": "79f3fc57-5ac1-4e45-9ad0-5121de2715a2",
      "title": "",
      "fullFile": "cypress\\integration\\Sgaurd\\TC01_valid_login_logout.spec.js",
      "file": "cypress\\integration\\Sgaurd\\TC01_valid_login_logout.spec.js",
      "beforeHooks": [],
      "afterHooks": [],
      "tests": [],
      "suites": [
        {
          "uuid": "d849c5d0-3370-4fa8-b6b3-ada63396d2db",
          "title": "Valid Login/logout Test",
          "fullFile": "",
          "file": "",
          "beforeHooks": [],
          "afterHooks": [],
          "tests": [
            {
              "title": "Should login to application with valid data",
              "fullTitle": "Valid Login/logout Test Should login to application with valid data",
              "timedOut": null,
              "duration": 27328,
              "state": "passed",
              "speed": "slow",
              "pass": true,
              "fail": false,
              "pending": false,
              "context": null,
              "code": "cy.title().should('eq', 'Log in to ITS Identity Test');\ncy.location('protocol').should('eq', 'https:');\ncy.fixture('userLogindetails').then(function (user) {\n  cy.get('#username').type(user.username);\n  cy.get('#password').type(user.password);\n  cy.get('.btn').contains('Login').should('be.visible').click();\n  cy.screenshot({\n    capture: \"fullPage\"\n  });\n});\ncy.wait(3000);\ncy.viewport(1280, 720);\ncy.contains('serviceGuard', {\n  timeout: 10000\n}).should('be.visible');\ncy.xpath('//*[@id=\"root\"]/div/div/div[1]/div/header/div/div[2]/button/span[1]/div/span/img').click();\ncy.xpath('//*[@id=\"user-menu\"]/div[3]/ul/li').click();\ncy.screenshot({\n  capture: \"fullPage\"\n});",
              "err": {},
              "uuid": "e9e15a14-e552-4587-baf4-7804e6e56d66",
              "parentUUID": "d849c5d0-3370-4fa8-b6b3-ada63396d2db",
              "isHook": false,
              "skipped": false
            }
          ],
          "suites": [],
          "passes": [
            "e9e15a14-e552-4587-baf4-7804e6e56d66"
          ],
          "failures": [],
          "pending": [],
          "skipped": [],
          "duration": 27328,
          "root": false,
          "rootEmpty": false,
          "_timeout": 2000
        }
      ],
      "passes": [],
      "failures": [],
      "pending": [],
      "skipped": [],
      "duration": 0,
      "root": true,
      "rootEmpty": true,
      "_timeout": 2000
    },
    {
      "uuid": "ea3f2310-d753-4629-b8b9-693ad9896e73",
      "title": "",
      "fullFile": "cypress\\integration\\Sgaurd\\TC02_invalid_login.spec.js",
      "file": "cypress\\integration\\Sgaurd\\TC02_invalid_login.spec.js",
      "beforeHooks": [],
      "afterHooks": [],
      "tests": [],
      "suites": [
        {
          "uuid": "8a456698-dc96-4ac8-966c-3bc2051d2492",
          "title": "Invalid Login Test",
          "fullFile": "",
          "file": "",
          "beforeHooks": [],
          "afterHooks": [],
          "tests": [
            {
              "title": "Should try to login with invalid data",
              "fullTitle": "Invalid Login Test Should try to login with invalid data",
              "timedOut": null,
              "duration": 12430,
              "state": "passed",
              "speed": "slow",
              "pass": true,
              "fail": false,
              "pending": false,
              "context": null,
              "code": "cy.title().should('eq', 'Log in to ITS Identity Test');\ncy.get(\"#kc-form-login\").should(\"be.visible\");\ncy.get('#username').type('invaliduser');\ncy.get('#password').type('invalid password');\ncy.get('.btn').contains('Login').should('be.visible').click();",
              "err": {},
              "uuid": "7c853d92-ce55-456c-8bf1-a58a4f059a56",
              "parentUUID": "8a456698-dc96-4ac8-966c-3bc2051d2492",
              "isHook": false,
              "skipped": false
            },
            {
              "title": "Should display error message",
              "fullTitle": "Invalid Login Test Should display error message",
              "timedOut": null,
              "duration": 121,
              "state": "passed",
              "speed": "slow",
              "pass": true,
              "fail": false,
              "pending": false,
              "context": null,
              "code": "cy.get(\".alert-error\").should(\"be.visible\").and(\"contain\", \"Invalid username or password.\");",
              "err": {},
              "uuid": "d01dc9fb-87f4-4fe8-982d-3c2b056f621f",
              "parentUUID": "8a456698-dc96-4ac8-966c-3bc2051d2492",
              "isHook": false,
              "skipped": false
            }
          ],
          "suites": [],
          "passes": [
            "7c853d92-ce55-456c-8bf1-a58a4f059a56",
            "d01dc9fb-87f4-4fe8-982d-3c2b056f621f"
          ],
          "failures": [],
          "pending": [],
          "skipped": [],
          "duration": 12551,
          "root": false,
          "rootEmpty": false,
          "_timeout": 2000
        }
      ],
      "passes": [],
      "failures": [],
      "pending": [],
      "skipped": [],
      "duration": 0,
      "root": true,
      "rootEmpty": true,
      "_timeout": 2000
    },
    {
      "uuid": "22a89589-4559-4342-ae95-e956bd736a38",
      "title": "",
      "fullFile": "cypress\\integration\\Sgaurd\\TC03_Homepage_karte.spec.js",
      "file": "cypress\\integration\\Sgaurd\\TC03_Homepage_karte.spec.js",
      "beforeHooks": [],
      "afterHooks": [],
      "tests": [],
      "suites": [
        {
          "uuid": "c471d647-a667-44f1-aa49-3a3c2563b3be",
          "title": "Karte page",
          "fullFile": "",
          "file": "",
          "beforeHooks": [],
          "afterHooks": [],
          "tests": [
            {
              "title": "Verify the Karte page Functionality",
              "fullTitle": "Karte page Verify the Karte page Functionality",
              "timedOut": null,
              "duration": 27266,
              "state": "passed",
              "speed": "slow",
              "pass": true,
              "fail": false,
              "pending": false,
              "context": null,
              "code": "/*cy.visit('https://sguard.testing.its-siemens.com/#map')\ncy.get('#username').type('sguard-automation-user')\ncy.get('#password').type('W_TpXpDv%5avJnwAT2R#wdbTsP_2ds9@')\ncy.get('.btn').contains('Login').should('be.visible').click()\ncy.wait(5000)\ncy.title().should('eq','Siemens Serviceguard')\n*/\ncy.wait(5000);\ncy.xpath('//*[@id=\"root\"]/div/div/div[1]/div/header/div/div[1]/div/div[3]/div[2]/div/div/a[1]/span/span').click({\n  force: true\n});\ncy.hash().should('include', '#map');\ncy.wait(5000);\ncy.get('input[type=checkbox]').uncheck();\ncy.get('.jss73 > .MuiIconButton-label > .jss78').check().should('be.checked');\ncy.get('.jss79 > .MuiIconButton-label > .jss78').check().should('be.checked');\ncy.get('.jss81 > .MuiIconButton-label > .jss78').check().should('be.checked');\ncy.get('.jss83 > .MuiIconButton-label > .jss78').check().should('be.checked');\nconsole.log(\"Check the three checkboxs\");\ncy.xpath('//*[@id=\"root\"]/div/div/div[1]/main/div/div[2]/div/button/span[1]/span/img').click();\ncy.get(':nth-child(1) > .MuiPaper-root > #panel1a-header > .MuiButtonBase-root > .MuiIconButton-label > .MuiSvgIcon-root').click();\ncy.xpath('//*[@id=\"root\"]/div/div/div[1]/main/div/div[2]/div/ul/div[2]/div[1]/span/img').click();\ncy.xpath('//*[@id=\"root\"]/div/div/div[1]/main/div/div[2]/div/ul/div[3]/div[1]/span/img').click();\ncy.xpath('//*[@id=\"root\"]/div/div/div[1]/main/div/div[1]/div/div[2]/div/div[2]/div[1]/div[1]/a[1]').click();\ncy.wait(2000);\ncy.xpath('//*[@id=\"root\"]/div/div/div[1]/main/div/div[1]/div/div[2]/div/div[2]/div[1]/div[1]/a[2]').click();\ncy.get('.MuiIconButton-label > .material-icons > .jss39').click();",
              "err": {},
              "uuid": "8f562bbc-4b09-4813-b8b8-3db878ed7f85",
              "parentUUID": "c471d647-a667-44f1-aa49-3a3c2563b3be",
              "isHook": false,
              "skipped": false
            }
          ],
          "suites": [],
          "passes": [
            "8f562bbc-4b09-4813-b8b8-3db878ed7f85"
          ],
          "failures": [],
          "pending": [],
          "skipped": [],
          "duration": 27266,
          "root": false,
          "rootEmpty": false,
          "_timeout": 2000
        }
      ],
      "passes": [],
      "failures": [],
      "pending": [],
      "skipped": [],
      "duration": 0,
      "root": true,
      "rootEmpty": true,
      "_timeout": 2000
    },
    {
      "uuid": "34874d41-acd9-47e1-84d1-f9da090099e4",
      "title": "",
      "fullFile": "cypress\\integration\\Sgaurd\\TC04_Homepage_liste.spec.js",
      "file": "cypress\\integration\\Sgaurd\\TC04_Homepage_liste.spec.js",
      "beforeHooks": [],
      "afterHooks": [],
      "tests": [],
      "suites": [
        {
          "uuid": "dbe81359-0e98-4c64-aafd-391279c47278",
          "title": "Liste Page",
          "fullFile": "",
          "file": "",
          "beforeHooks": [],
          "afterHooks": [],
          "tests": [
            {
              "title": "Verify the Liste Page",
              "fullTitle": "Liste Page Verify the Liste Page",
              "timedOut": null,
              "duration": 25819,
              "state": "passed",
              "speed": "slow",
              "pass": true,
              "fail": false,
              "pending": false,
              "context": null,
              "code": "Cypress.on(\"uncaught:exception\", function (err, runnable) {\n  return false;\n});\ncy.viewport(1280, 720);\ncy.wait(5000);\ncy.xpath('//*[@id=\"root\"]/div/div/div[1]/div/header/div/div[1]/div/div[3]/div[2]/div/div/a[2]/span/span').click();\ncy.screenshot({\n  capture: \"fullPage\"\n});\ncy.hash().should('include', '#all');\ncy.wait(2000); // cy.get(\"#mui-26717\").should(\"have.value\", 100);\n//cy.get('#mui-26717').select(100)\n//cy.get('//*[@id=\"mui-16194\"]').select()\n// cy.xpath('//*[@id=\"mui-26717\"]').click()\n//cy.get('[data-value=\"10\"]').select(10)\n//cy.get(\"#mui-26717\").select(10);\ncy.get('input[type=checkbox]').check({\n  force: true\n}).should('be.checked');\ncy.xpath('//*[@id=\"root\"]/div/div/div[1]/div[2]/div/div/div/div/div/div[3]/div/div[1]/div[2]/button[4]/span[1]/span/img').click();",
              "err": {},
              "uuid": "8858c82c-9794-4f27-8892-21ba168bf06c",
              "parentUUID": "dbe81359-0e98-4c64-aafd-391279c47278",
              "isHook": false,
              "skipped": false
            }
          ],
          "suites": [],
          "passes": [
            "8858c82c-9794-4f27-8892-21ba168bf06c"
          ],
          "failures": [],
          "pending": [],
          "skipped": [],
          "duration": 25819,
          "root": false,
          "rootEmpty": false,
          "_timeout": 2000
        }
      ],
      "passes": [],
      "failures": [],
      "pending": [],
      "skipped": [],
      "duration": 0,
      "root": true,
      "rootEmpty": true,
      "_timeout": 2000
    },
    {
      "uuid": "b8ef0b5b-880a-4881-958e-72bc89b54f1b",
      "title": "",
      "fullFile": "cypress\\integration\\Sgaurd\\TC05_Homepage_favoritne.spec.js",
      "file": "cypress\\integration\\Sgaurd\\TC05_Homepage_favoritne.spec.js",
      "beforeHooks": [],
      "afterHooks": [],
      "tests": [],
      "suites": [
        {
          "uuid": "d62e715c-c0fc-48c0-9c96-6abd82006a43",
          "title": "Favorite Page",
          "fullFile": "",
          "file": "",
          "beforeHooks": [],
          "afterHooks": [],
          "tests": [
            {
              "title": "Verify the Favorite Page",
              "fullTitle": "Favorite Page Verify the Favorite Page",
              "timedOut": null,
              "duration": 16070,
              "state": "passed",
              "speed": "slow",
              "pass": true,
              "fail": false,
              "pending": false,
              "context": null,
              "code": "Cypress.on(\"uncaught:exception\", function (err, runnable) {\n  return false;\n});\ncy.viewport(1280, 720);\ncy.wait(5000);\ncy.xpath('//*[@id=\"root\"]/div/div/div[1]/div[1]/header/div/div[1]/div/div[3]/div[2]/div/div/a[3]/span/span').click();\ncy.hash().should('include', '#favorite');\ncy.title().should('eq', 'Siemens Serviceguard');\ncy.location('protocol').should('eq', 'https:');\ncy.get('input[type=checkbox]').check({\n  force: true\n}).should('be.checked'); //cy.get('.MuiTableRow-root > :nth-child(7)').contains(\"00-HQ-TCC-Intersection F_3Ph\")\ncy.wait(2000);\ncy.get('[aria-label=\"CSV herunterladen\"] > .MuiIconButton-label > .MuiSvgIcon-root').click(); //cy.xpath('//*[@id=\"root\"]/div/div[2]/div[1]/div[2]/div/div/div/div/div/div[3]/div[1]/div[2]/button[2]/span[1]/svg/path').click()",
              "err": {},
              "uuid": "f7650b78-ff55-45d5-bac5-3710a2fbd20e",
              "parentUUID": "d62e715c-c0fc-48c0-9c96-6abd82006a43",
              "isHook": false,
              "skipped": false
            }
          ],
          "suites": [],
          "passes": [
            "f7650b78-ff55-45d5-bac5-3710a2fbd20e"
          ],
          "failures": [],
          "pending": [],
          "skipped": [],
          "duration": 16070,
          "root": false,
          "rootEmpty": false,
          "_timeout": 2000
        }
      ],
      "passes": [],
      "failures": [],
      "pending": [],
      "skipped": [],
      "duration": 0,
      "root": true,
      "rootEmpty": true,
      "_timeout": 2000
    },
    {
      "uuid": "53ee0e02-2342-4863-bd2c-e46565c01b1e",
      "title": "",
      "fullFile": "cypress\\integration\\Sgaurd\\TC06_Homepage_search.spec.js",
      "file": "cypress\\integration\\Sgaurd\\TC06_Homepage_search.spec.js",
      "beforeHooks": [],
      "afterHooks": [],
      "tests": [],
      "suites": [
        {
          "uuid": "003a04ea-2dee-4c98-8650-a1a6035d72c4",
          "title": "Search Functionality",
          "fullFile": "",
          "file": "",
          "beforeHooks": [],
          "afterHooks": [],
          "tests": [
            {
              "title": "Verify the Search Functionality",
              "fullTitle": "Search Functionality Verify the Search Functionality",
              "timedOut": null,
              "duration": 34489,
              "state": "passed",
              "speed": "slow",
              "pass": true,
              "fail": false,
              "pending": false,
              "context": null,
              "code": "Cypress.on(\"uncaught:exception\", function (err, runnable) {\n  return false;\n}); //select the Training center city from dropdown\ncy.get('#city-select').click({\n  force: true\n});\ncy.xpath('//div[3]/ul/li[2]').contains('Training Center').click();\ncy.wait(5000); //search 00-HQ-TCC-K204 and enter\ncy.xpath('//*[@id=\"react-select-2-input\"]').type('00-HQ-TCC-K204{enter}', {\n  force: true\n}); //verify the url path \ncy.hash().should('include', '#details/intersection/00-HQ-TCC-K204/general'); //check the text on page \ncy.get('.MuiCardHeader-content > :nth-child(1)').should('contain.text', 'Braunschweiger Str. / Siemensstr.'); //Take screenshot of full page after success \ncy.screenshot({\n  capture: \"fullPage\"\n});",
              "err": {},
              "uuid": "e244ff91-e625-4fb2-be81-76b1253544e2",
              "parentUUID": "003a04ea-2dee-4c98-8650-a1a6035d72c4",
              "isHook": false,
              "skipped": false
            }
          ],
          "suites": [],
          "passes": [
            "e244ff91-e625-4fb2-be81-76b1253544e2"
          ],
          "failures": [],
          "pending": [],
          "skipped": [],
          "duration": 34489,
          "root": false,
          "rootEmpty": false,
          "_timeout": 2000
        }
      ],
      "passes": [],
      "failures": [],
      "pending": [],
      "skipped": [],
      "duration": 0,
      "root": true,
      "rootEmpty": true,
      "_timeout": 2000
    },
    {
      "uuid": "4561508b-699d-49f7-8ddc-0326f8365f7b",
      "title": "",
      "fullFile": "cypress\\integration\\Sgaurd\\TC07_Homepage_Selectcity.spec.js",
      "file": "cypress\\integration\\Sgaurd\\TC07_Homepage_Selectcity.spec.js",
      "beforeHooks": [],
      "afterHooks": [],
      "tests": [],
      "suites": [
        {
          "uuid": "95a36900-3635-4195-970e-4e43db2dcd69",
          "title": "Select city Functionality",
          "fullFile": "",
          "file": "",
          "beforeHooks": [],
          "afterHooks": [],
          "tests": [
            {
              "title": "Verify the Select city Functionality",
              "fullTitle": "Select city Functionality Verify the Select city Functionality",
              "timedOut": null,
              "duration": 22685,
              "state": "passed",
              "speed": "slow",
              "pass": true,
              "fail": false,
              "pending": false,
              "context": null,
              "code": "Cypress.on(\"uncaught:exception\", function (err, runnable) {\n  return false;\n}); //maximize the page \ncy.viewport(1280, 720);\ncy.wait(10000); //select Training Center city from dropdown\ncy.get('#city-select').click({\n  force: true\n});\ncy.xpath('//div[3]/ul/li[2]').contains('Training Center').click(); //Take screenshot of full page after success \ncy.screenshot({\n  capture: \"fullPage\"\n});",
              "err": {},
              "uuid": "b4101e28-0fe4-4b60-ba0f-c41b4be30565",
              "parentUUID": "95a36900-3635-4195-970e-4e43db2dcd69",
              "isHook": false,
              "skipped": false
            }
          ],
          "suites": [],
          "passes": [
            "b4101e28-0fe4-4b60-ba0f-c41b4be30565"
          ],
          "failures": [],
          "pending": [],
          "skipped": [],
          "duration": 22685,
          "root": false,
          "rootEmpty": false,
          "_timeout": 2000
        }
      ],
      "passes": [],
      "failures": [],
      "pending": [],
      "skipped": [],
      "duration": 0,
      "root": true,
      "rootEmpty": true,
      "_timeout": 2000
    },
    {
      "uuid": "44f5e54d-a0fd-4df2-a250-197ab4765d61",
      "title": "",
      "fullFile": "cypress\\integration\\Sgaurd\\TC08_Homepage_tab.spec.js",
      "file": "cypress\\integration\\Sgaurd\\TC08_Homepage_tab.spec.js",
      "beforeHooks": [],
      "afterHooks": [],
      "tests": [],
      "suites": [
        {
          "uuid": "37e19d40-76c6-46a0-9abe-c98be0cb70e8",
          "title": "Tab Functionality",
          "fullFile": "",
          "file": "",
          "beforeHooks": [],
          "afterHooks": [],
          "tests": [
            {
              "title": "Verify the  Tab Functionality",
              "fullTitle": "Tab Functionality Verify the  Tab Functionality",
              "timedOut": null,
              "duration": 53507,
              "state": "passed",
              "speed": "slow",
              "pass": true,
              "fail": false,
              "pending": false,
              "context": null,
              "code": "Cypress.on(\"uncaught:exception\", function (err, runnable) {\n  return false;\n}); //verify the Allgemein text \ncy.xpath(\"//span[normalize-space()='Allgemein']\").should('contain.text', 'Allgemein'); //wait 3sec\ncy.wait(3000); //click on details page \ncy.xpath(\"//span[text()='LSA Zustand']\").click({\n  force: true\n}); //wait 3sec\ncy.wait(3000); //click on Detektoren tab\ncy.xpath(\"//span[normalize-space()='Detektoren']\").should('contain.text', 'Detektoren').click({\n  force: true\n}); //wait 3sec\ncy.wait(3000); //click on Detailzustand tab\ncy.xpath(\"//span[contains(text(),'Detailzustand')]\").should('contain.text', 'Detailzustand').click({\n  force: true\n}); //wait 3sec\ncy.wait(3000); //click on Ereignisprotokoll tab\ncy.xpath(\"//span[normalize-space()='Ereignisprotokoll']\").should('contain.text', 'Ereignisprotokoll').click({\n  force: true\n}); //wait 3sec\ncy.wait(3000); //click on SP-Wechsel tab\ncy.xpath(\"//span[contains(text(),'SP-Wechsel')]\").contains('SP-Wechsel').click({\n  force: true\n}); //wait 3sec\ncy.wait(3000); //click on Notizen tab\ncy.xpath(\"//span[contains(text(),'Notizen')]\").contains('Notizen').click({\n  force: true\n}); //wait 3sec\ncy.wait(3000); //click on Signalprogramm schalten tab\ncy.xpath(\"//span[contains(text(),'Signalprogramm schalten')]\").contains('Signalprogramm schalten').click({\n  force: true\n}); //wait 3sec\ncy.wait(3000);",
              "err": {},
              "uuid": "a6619313-f5b2-48a1-9845-47b22f56b94a",
              "parentUUID": "37e19d40-76c6-46a0-9abe-c98be0cb70e8",
              "isHook": false,
              "skipped": false
            }
          ],
          "suites": [],
          "passes": [
            "a6619313-f5b2-48a1-9845-47b22f56b94a"
          ],
          "failures": [],
          "pending": [],
          "skipped": [],
          "duration": 53507,
          "root": false,
          "rootEmpty": false,
          "_timeout": 2000
        }
      ],
      "passes": [],
      "failures": [],
      "pending": [],
      "skipped": [],
      "duration": 0,
      "root": true,
      "rootEmpty": true,
      "_timeout": 2000
    },
    {
      "uuid": "5da3f6fb-f6b8-448c-a132-d353fbaa4968",
      "title": "",
      "fullFile": "cypress\\integration\\Sgaurd\\TC09_Homepage_Allgemeintab.spec.js",
      "file": "cypress\\integration\\Sgaurd\\TC09_Homepage_Allgemeintab.spec.js",
      "beforeHooks": [],
      "afterHooks": [],
      "tests": [],
      "suites": [
        {
          "uuid": "5152f179-d393-4a8c-abc1-807bb3d8a478",
          "title": "Allgemein Tab Functionality",
          "fullFile": "",
          "file": "",
          "beforeHooks": [],
          "afterHooks": [],
          "tests": [
            {
              "title": "Verify the Allgemein Tab Functionality",
              "fullTitle": "Allgemein Tab Functionality Verify the Allgemein Tab Functionality",
              "timedOut": null,
              "duration": 29652,
              "state": "passed",
              "speed": "slow",
              "pass": true,
              "fail": false,
              "pending": false,
              "context": null,
              "code": "Cypress.on(\"uncaught:exception\", function (err, runnable) {\n  return false;\n}); //verify the Allgemein text \ncy.xpath(\"//span[normalize-space()='Allgemein']\").should('contain.text', 'Allgemein'); //validate the image text\n//cy.xpath(\"//img[@class='leaflet-marker-icon leaflet-zoom-animated leaflet-interactive']\").find('img').should('have.attr', 'src', 'intersection_ok')\n//click on details page \ncy.xpath(\"//span[text()='LSA Zustand']\").click({\n  force: true\n}); //take the screenshot after sucess \ncy.screenshot({\n  capture: \"fullPage\"\n});",
              "err": {},
              "uuid": "33123904-fd57-4cb3-9a4b-c94b1f089b6f",
              "parentUUID": "5152f179-d393-4a8c-abc1-807bb3d8a478",
              "isHook": false,
              "skipped": false
            }
          ],
          "suites": [],
          "passes": [
            "33123904-fd57-4cb3-9a4b-c94b1f089b6f"
          ],
          "failures": [],
          "pending": [],
          "skipped": [],
          "duration": 29652,
          "root": false,
          "rootEmpty": false,
          "_timeout": 2000
        }
      ],
      "passes": [],
      "failures": [],
      "pending": [],
      "skipped": [],
      "duration": 0,
      "root": true,
      "rootEmpty": true,
      "_timeout": 2000
    },
    {
      "uuid": "95be0309-6758-4199-ab97-1507862dd4ae",
      "title": "",
      "fullFile": "cypress\\integration\\Sgaurd\\TC10_Homepage_Detektorentab.spec.js",
      "file": "cypress\\integration\\Sgaurd\\TC10_Homepage_Detektorentab.spec.js",
      "beforeHooks": [],
      "afterHooks": [],
      "tests": [],
      "suites": [
        {
          "uuid": "23d1369f-34fc-446b-a2cc-efc0ed545b94",
          "title": "Detektoren Tab Functionality",
          "fullFile": "",
          "file": "",
          "beforeHooks": [],
          "afterHooks": [],
          "tests": [
            {
              "title": "Verify the Detektoren Tab Functionality",
              "fullTitle": "Detektoren Tab Functionality Verify the Detektoren Tab Functionality",
              "timedOut": null,
              "duration": 618,
              "state": "failed",
              "speed": null,
              "pass": false,
              "fail": true,
              "pending": false,
              "context": "\"assets/TC10_Homepage_Detektorentab.spec.js/Detektoren Tab Functionality -- Verify the Detektoren Tab Functionality (failed).png\"",
              "code": "Cypress.on(\"uncaught:exception\", function (err, runnable) {\n  return false;\n}); //click on Detektoren tab\ncy.xpath(\"//span[normalize-space()='Detektoren']\").click({\n  force: true\n}); //verify the URL path\ncy.hash().should('include', '#details/intersection/00-HQ-TCC-K204/detectors'); //check the header titie \ncy.title().should('eq', 'Siemens Serviceguard'); //check the protocol\ncy.location('protocol').should('eq', 'https:'); //click on search buttom\ncy.get('[aria-label=\"Suche\"] > .MuiIconButton-label > .MuiSvgIcon-root').click({\n  force: true\n}); //enter DIA\ncy.get('.MuiFormControl-root > .MuiInputBase-root > .MuiInputBase-input').type('D1A{enter}', {\n  force: true\n}); //Select the list\ncy.xpath(\"//tbody/tr[1]/td[2]/li[1]/div[1]/span[1]/img[1]\").click({\n  force: true\n}); //Verify the text\ncy.xpath(\"//span[normalize-space()='Allgemein']\").should('contain.text', 'Allgemein'); //click on next tab\ncy.xpath('//*[@id=\"simple-tab-1\"]/span[1]').click({\n  force: true\n}); //Click on close(*)\ncy.get('.MuiIconButton-label > .material-icons > .jss39').click({\n  force: true\n}); //take screenshot after sucess\ncy.screenshot({\n  capture: \"fullPage\"\n});",
              "err": {
                "message": "CypressError: `cy.click()` failed because it requires a DOM element.\n\nThe subject received was:\n\n  > `undefined`\n\nThe previous command that ran was:\n\n  > `cy.xpath()`\n\nBecause this error occurred during a `after all` hook we are skipping the remaining tests in the current suite: `Detektoren Tab Functionality`",
                "estack": "CypressError: `cy.click()` failed because it requires a DOM element.\n\nThe subject received was:\n\n  > `undefined`\n\nThe previous command that ran was:\n\n  > `cy.xpath()`\n\nBecause this error occurred during a `after all` hook we are skipping the remaining tests in the current suite: `Detektoren Tab Functionality`\n    at ensureElement (https://sguard.testing.its-siemens.com/__cypress/runner/cypress_runner.js:162536:24)\n    at validateType (https://sguard.testing.its-siemens.com/__cypress/runner/cypress_runner.js:162373:16)\n    at Object.ensureSubjectByType (https://sguard.testing.its-siemens.com/__cypress/runner/cypress_runner.js:162409:9)\n    at pushSubjectAndValidate (https://sguard.testing.its-siemens.com/__cypress/runner/cypress_runner.js:171130:15)\n    at Context.<anonymous> (https://sguard.testing.its-siemens.com/__cypress/runner/cypress_runner.js:171467:18)\nFrom Your Spec Code:\n    at Context.eval (https://sguard.testing.its-siemens.com/__cypress/tests?p=cypress\\integration\\Sgaurd\\TC10_Homepage_Detektorentab.spec.js:164:51)",
                "diff": null
              },
              "uuid": "54cc0434-c0ca-4ba4-9fb4-cc31f043b483",
              "parentUUID": "23d1369f-34fc-446b-a2cc-efc0ed545b94",
              "isHook": false,
              "skipped": false
            }
          ],
          "suites": [],
          "passes": [],
          "failures": [
            "54cc0434-c0ca-4ba4-9fb4-cc31f043b483"
          ],
          "pending": [],
          "skipped": [],
          "duration": 618,
          "root": false,
          "rootEmpty": false,
          "_timeout": 2000
        }
      ],
      "passes": [],
      "failures": [],
      "pending": [],
      "skipped": [],
      "duration": 0,
      "root": true,
      "rootEmpty": true,
      "_timeout": 2000
    },
    {
      "uuid": "f63d8a1d-687c-41a5-868e-77f638d7182c",
      "title": "",
      "fullFile": "cypress\\integration\\Sgaurd\\TC11_Homepage_Detailzustandtab.spec.js",
      "file": "cypress\\integration\\Sgaurd\\TC11_Homepage_Detailzustandtab.spec.js",
      "beforeHooks": [],
      "afterHooks": [],
      "tests": [],
      "suites": [
        {
          "uuid": "e2f1f511-1d30-49f0-9209-7feb7ec32f35",
          "title": "Detailzustand Tab Functionality",
          "fullFile": "",
          "file": "",
          "beforeHooks": [],
          "afterHooks": [],
          "tests": [
            {
              "title": "Verify the Detailzustand Tab Functionality",
              "fullTitle": "Detailzustand Tab Functionality Verify the Detailzustand Tab Functionality",
              "timedOut": null,
              "duration": 785,
              "state": "failed",
              "speed": null,
              "pass": false,
              "fail": true,
              "pending": false,
              "context": "\"assets/TC11_Homepage_Detailzustandtab.spec.js/Detailzustand Tab Functionality -- Verify the Detailzustand Tab Functionality (failed).png\"",
              "code": "Cypress.on(\"uncaught:exception\", function (err, runnable) {\n  return false;\n}); //click on Detailzustand tab\ncy.xpath(\"//span[contains(text(),'Detailzustand')]\").should('contain.text', 'Detailzustand').click({\n  force: true\n}); //Click on calender \ncy.xpath(\"//button[@aria-label='change date']\").click({\n  force: true\n}); //Select date\ncy.xpath(\"//div[@class='MuiPickersSlideTransition-transitionContainer MuiPickersCalendar-transitionContainer']//div[2]//div[3]//button[1]\").click({\n  force: true\n});\ncy.wait(3000); //click on checkbox\ncy.get('input[type=checkbox]').check({\n  force: true\n}).should('be.checked');\ncy.wait(3000); //click on download csv file button\n//cy.xpath(\"//button[@title='CSV herunterladen']\").click({ force: true })\n//cy.wait(3000)\ncy.xpath(\"//body/div[@id='root']/div[1]/div[1]/div[1]/div[2]/div[1]/div[2]/div[1]/div[1]/div[1]/div[1]/div[1]/div[1]/div[1]/div[2]/div[1]/div[1]/div[2]/button[2]/span[1]/*[1]\").click();\ncy.wait(3000);",
              "err": {
                "message": "CypressError: `cy.click()` failed because it requires a DOM element.\n\nThe subject received was:\n\n  > `undefined`\n\nThe previous command that ran was:\n\n  > `cy.xpath()`\n\nBecause this error occurred during a `after all` hook we are skipping the remaining tests in the current suite: `Detailzustand Tab Functiona...`",
                "estack": "CypressError: `cy.click()` failed because it requires a DOM element.\n\nThe subject received was:\n\n  > `undefined`\n\nThe previous command that ran was:\n\n  > `cy.xpath()`\n\nBecause this error occurred during a `after all` hook we are skipping the remaining tests in the current suite: `Detailzustand Tab Functiona...`\n    at ensureElement (https://sguard.testing.its-siemens.com/__cypress/runner/cypress_runner.js:162536:24)\n    at validateType (https://sguard.testing.its-siemens.com/__cypress/runner/cypress_runner.js:162373:16)\n    at Object.ensureSubjectByType (https://sguard.testing.its-siemens.com/__cypress/runner/cypress_runner.js:162409:9)\n    at pushSubjectAndValidate (https://sguard.testing.its-siemens.com/__cypress/runner/cypress_runner.js:171130:15)\n    at Context.<anonymous> (https://sguard.testing.its-siemens.com/__cypress/runner/cypress_runner.js:171467:18)\nFrom Your Spec Code:\n    at Context.eval (https://sguard.testing.its-siemens.com/__cypress/tests?p=cypress\\integration\\Sgaurd\\TC11_Homepage_Detailzustandtab.spec.js:151:51)",
                "diff": null
              },
              "uuid": "e26fe8ce-ea35-4200-acb0-a3cb609f570c",
              "parentUUID": "e2f1f511-1d30-49f0-9209-7feb7ec32f35",
              "isHook": false,
              "skipped": false
            }
          ],
          "suites": [],
          "passes": [],
          "failures": [
            "e26fe8ce-ea35-4200-acb0-a3cb609f570c"
          ],
          "pending": [],
          "skipped": [],
          "duration": 785,
          "root": false,
          "rootEmpty": false,
          "_timeout": 2000
        }
      ],
      "passes": [],
      "failures": [],
      "pending": [],
      "skipped": [],
      "duration": 0,
      "root": true,
      "rootEmpty": true,
      "_timeout": 2000
    },
    {
      "uuid": "8914f155-fc21-413d-b853-1235dbd37433",
      "title": "",
      "fullFile": "cypress\\integration\\Sgaurd\\TC12_Homepage_Ereignisprotokolltab.spec.js",
      "file": "cypress\\integration\\Sgaurd\\TC12_Homepage_Ereignisprotokolltab.spec.js",
      "beforeHooks": [],
      "afterHooks": [],
      "tests": [],
      "suites": [
        {
          "uuid": "f3e2c051-dedb-4205-944a-5cedeeaede4a",
          "title": "Ereignisprotokoll Tab Functionality",
          "fullFile": "",
          "file": "",
          "beforeHooks": [],
          "afterHooks": [],
          "tests": [
            {
              "title": "Verify the Ereignisprotokoll Tab Functionality",
              "fullTitle": "Ereignisprotokoll Tab Functionality Verify the Ereignisprotokoll Tab Functionality",
              "timedOut": null,
              "duration": 547,
              "state": "failed",
              "speed": null,
              "pass": false,
              "fail": true,
              "pending": false,
              "context": "\"assets/TC12_Homepage_Ereignisprotokolltab.spec.js/Ereignisprotokoll Tab Functionality -- Verify the Ereignisprotokoll Tab Functionality (failed).png\"",
              "code": "Cypress.on(\"uncaught:exception\", function (err, runnable) {\n  return false;\n}); //click on Ereignisprotokoll tab\ncy.xpath(\"//span[normalize-space()='Ereignisprotokoll']\").should('contain.text', 'Ereignisprotokoll').click({\n  force: true\n}); //verify the URL path\ncy.hash().should('include', '#details/intersection/00-HQ-TCC-K204/events'); //check the header titie \ncy.title().should('eq', 'Siemens Serviceguard'); //check the protocol\ncy.location('protocol').should('eq', 'https:'); //Click on calander\ncy.xpath('//*[@id=\"root\"]/div/div/div[1]/div[2]/div/div[2]/div/div/div/div/div/div/div/div[1]/div/div[1]/div/div/div/button').click({\n  force: true\n});\ncy.wait(3000); //Select the date\ncy.xpath('//body/div[3]/div[3]/div[1]/div[1]/div[2]/div[1]/div[1]/div[2]/button[1]/span[1]').click({\n  force: true\n});\ncy.wait(3000); //Select the checkbox     \ncy.get('input[type=checkbox]').check({\n  force: true\n}).should('be.checked');\ncy.wait(3000); //Download the CSV file \ncy.get('[aria-label=\"CSV herunterladen\"] > .MuiIconButton-label > .MuiSvgIcon-root > path').click({\n  force: true\n});\ncy.wait(3000);",
              "err": {
                "message": "CypressError: `cy.click()` failed because it requires a DOM element.\n\nThe subject received was:\n\n  > `undefined`\n\nThe previous command that ran was:\n\n  > `cy.xpath()`\n\nBecause this error occurred during a `after all` hook we are skipping the remaining tests in the current suite: `Ereignisprotokoll Tab Funct...`",
                "estack": "CypressError: `cy.click()` failed because it requires a DOM element.\n\nThe subject received was:\n\n  > `undefined`\n\nThe previous command that ran was:\n\n  > `cy.xpath()`\n\nBecause this error occurred during a `after all` hook we are skipping the remaining tests in the current suite: `Ereignisprotokoll Tab Funct...`\n    at ensureElement (https://sguard.testing.its-siemens.com/__cypress/runner/cypress_runner.js:162536:24)\n    at validateType (https://sguard.testing.its-siemens.com/__cypress/runner/cypress_runner.js:162373:16)\n    at Object.ensureSubjectByType (https://sguard.testing.its-siemens.com/__cypress/runner/cypress_runner.js:162409:9)\n    at pushSubjectAndValidate (https://sguard.testing.its-siemens.com/__cypress/runner/cypress_runner.js:171130:15)\n    at Context.<anonymous> (https://sguard.testing.its-siemens.com/__cypress/runner/cypress_runner.js:171467:18)\nFrom Your Spec Code:\n    at Context.eval (https://sguard.testing.its-siemens.com/__cypress/tests?p=cypress\\integration\\Sgaurd\\TC12_Homepage_Ereignisprotokolltab.spec.js:158:51)",
                "diff": null
              },
              "uuid": "760d69ad-6ba4-4336-8479-08b4f58eb690",
              "parentUUID": "f3e2c051-dedb-4205-944a-5cedeeaede4a",
              "isHook": false,
              "skipped": false
            }
          ],
          "suites": [],
          "passes": [],
          "failures": [
            "760d69ad-6ba4-4336-8479-08b4f58eb690"
          ],
          "pending": [],
          "skipped": [],
          "duration": 547,
          "root": false,
          "rootEmpty": false,
          "_timeout": 2000
        }
      ],
      "passes": [],
      "failures": [],
      "pending": [],
      "skipped": [],
      "duration": 0,
      "root": true,
      "rootEmpty": true,
      "_timeout": 2000
    },
    {
      "uuid": "46e32a6a-e3a8-4b54-bdcc-51d4f1c4b389",
      "title": "",
      "fullFile": "cypress\\integration\\Sgaurd\\TC13_Homepage_SP-Wechseltab.spec.js",
      "file": "cypress\\integration\\Sgaurd\\TC13_Homepage_SP-Wechseltab.spec.js",
      "beforeHooks": [],
      "afterHooks": [],
      "tests": [],
      "suites": [
        {
          "uuid": "4f72b7bf-df6c-4aed-86fe-20e9b3e1518e",
          "title": "SP-Wechsel Tab Functionality",
          "fullFile": "",
          "file": "",
          "beforeHooks": [],
          "afterHooks": [],
          "tests": [
            {
              "title": "Verify the SP-Wechsel Tab Functionality",
              "fullTitle": "SP-Wechsel Tab Functionality Verify the SP-Wechsel Tab Functionality",
              "timedOut": null,
              "duration": 31474,
              "state": "passed",
              "speed": "slow",
              "pass": true,
              "fail": false,
              "pending": false,
              "context": null,
              "code": "Cypress.on(\"uncaught:exception\", function (err, runnable) {\n  return false;\n}); //click on SP-Wechsel tab\ncy.xpath(\"//span[contains(text(),'SP-Wechsel')]\").contains('SP-Wechsel').click({\n  force: true\n}); //validate URL path\ncy.hash().should('include', '#details/intersection/00-HQ-TCC-K204/signal_program'); //Click on calander\ncy.xpath(\"//body/div[@id='root']/div[1]/div[1]/div[1]/div[2]/div[1]/div[2]/div[1]/div[1]/div[1]/div[1]/div[1]/div[1]/div[1]/div[1]/div[1]/div[1]/div[1]/button[1]\").click({\n  force: true\n}); //select date\ncy.xpath(\"//body/div[3]/div[3]/div[1]/div[1]/div[2]/div[1]/div[2]/div[2]/button[1]\").click({\n  force: true\n}); //cy.xpath('//*[@id=\"simple-tab-5\"]/span[1]').contains('Notizen').click({ force: true });\n//cy.xpath(\"//*[text()='Signalprogramm schalten']\").contains('Signalprogramm schalten').click({ force: true });",
              "err": {},
              "uuid": "d77c00eb-443b-4781-986e-1c752f699aae",
              "parentUUID": "4f72b7bf-df6c-4aed-86fe-20e9b3e1518e",
              "isHook": false,
              "skipped": false
            }
          ],
          "suites": [],
          "passes": [
            "d77c00eb-443b-4781-986e-1c752f699aae"
          ],
          "failures": [],
          "pending": [],
          "skipped": [],
          "duration": 31474,
          "root": false,
          "rootEmpty": false,
          "_timeout": 2000
        }
      ],
      "passes": [],
      "failures": [],
      "pending": [],
      "skipped": [],
      "duration": 0,
      "root": true,
      "rootEmpty": true,
      "_timeout": 2000
    },
    {
      "uuid": "669ff009-1043-4327-ace1-af784df0de6e",
      "title": "",
      "fullFile": "cypress\\integration\\Sgaurd\\TC14_Homepage_Notizentab.spec.js",
      "file": "cypress\\integration\\Sgaurd\\TC14_Homepage_Notizentab.spec.js",
      "beforeHooks": [],
      "afterHooks": [],
      "tests": [],
      "suites": [
        {
          "uuid": "46e6e191-b5da-498b-a509-c883cc65b06a",
          "title": "Notizen Tab Functionality",
          "fullFile": "",
          "file": "",
          "beforeHooks": [],
          "afterHooks": [],
          "tests": [
            {
              "title": "Verify the Notizen Tab Functionality",
              "fullTitle": "Notizen Tab Functionality Verify the Notizen Tab Functionality",
              "timedOut": null,
              "duration": 32563,
              "state": "passed",
              "speed": "slow",
              "pass": true,
              "fail": false,
              "pending": false,
              "context": null,
              "code": "Cypress.on(\"uncaught:exception\", function (err, runnable) {\n  return false;\n}); //click on Notizen tab\ncy.xpath(\"//span[contains(text(),'Notizen')]\").contains('Notizen').click({\n  force: true\n}); //Validate the URL path\ncy.hash().should('include', '#details/intersection/00-HQ-TCC-K204/notes'); //Validate the Title \ncy.title().should('eq', 'Siemens Serviceguard'); //Validate the protocol\ncy.location('protocol').should('eq', 'https:'); //Enter text \ncy.xpath(\"//body/div[@id='root']/div[1]/div[1]/div[1]/div[2]/div[1]/div[2]/div[1]/div[1]/div[1]/div[1]/div[1]/div[1]/div[1]/div[1]/div[1]/div[1]/div[1]/textarea[1]\").type(\"test\"); //Click on submit\ncy.xpath(\"//span[contains(text(),'Senden')]\").click({\n  force: true\n}); //Click on CSV file\ncy.xpath(\"//button[@aria-label='CSV herunterladen']\").click();",
              "err": {},
              "uuid": "92fb8278-98d8-4d6e-84b2-ff711e1abb7d",
              "parentUUID": "46e6e191-b5da-498b-a509-c883cc65b06a",
              "isHook": false,
              "skipped": false
            }
          ],
          "suites": [],
          "passes": [
            "92fb8278-98d8-4d6e-84b2-ff711e1abb7d"
          ],
          "failures": [],
          "pending": [],
          "skipped": [],
          "duration": 32563,
          "root": false,
          "rootEmpty": false,
          "_timeout": 2000
        }
      ],
      "passes": [],
      "failures": [],
      "pending": [],
      "skipped": [],
      "duration": 0,
      "root": true,
      "rootEmpty": true,
      "_timeout": 2000
    },
    {
      "uuid": "c49fc821-0405-440a-948b-94dfab4870bd",
      "title": "",
      "fullFile": "cypress\\integration\\Sgaurd\\TC15_Homepage_Signalprogrammtab.spec.js",
      "file": "cypress\\integration\\Sgaurd\\TC15_Homepage_Signalprogrammtab.spec.js",
      "beforeHooks": [],
      "afterHooks": [],
      "tests": [],
      "suites": [
        {
          "uuid": "eb226e88-f9ad-42f1-9316-343ca3dd916e",
          "title": "Signalprogramm Tab Functionality",
          "fullFile": "",
          "file": "",
          "beforeHooks": [],
          "afterHooks": [],
          "tests": [
            {
              "title": "Verify the Signalprogramm schalten Tab Functionality",
              "fullTitle": "Signalprogramm Tab Functionality Verify the Signalprogramm schalten Tab Functionality",
              "timedOut": null,
              "duration": 38700,
              "state": "passed",
              "speed": "slow",
              "pass": true,
              "fail": false,
              "pending": false,
              "context": null,
              "code": "Cypress.on(\"uncaught:exception\", function (err, runnable) {\n  return false;\n}); //click on  Signalprogramm tab\ncy.xpath(\"//*[text()='Signalprogramm schalten']\").click({\n  force: true\n}); //Validate the URL path\ncy.hash().should('include', '#details/intersection/00-HQ-TCC-K204/switch_signal_program'); //Verify the header tite\ncy.title().should('eq', 'Siemens Serviceguard'); //validate the protocol\ncy.location('protocol').should('eq', 'https:'); //",
              "err": {},
              "uuid": "25067f9b-bf50-47b3-86eb-e2920a3de281",
              "parentUUID": "eb226e88-f9ad-42f1-9316-343ca3dd916e",
              "isHook": false,
              "skipped": false
            }
          ],
          "suites": [],
          "passes": [
            "25067f9b-bf50-47b3-86eb-e2920a3de281"
          ],
          "failures": [],
          "pending": [],
          "skipped": [],
          "duration": 38700,
          "root": false,
          "rootEmpty": false,
          "_timeout": 2000
        }
      ],
      "passes": [],
      "failures": [],
      "pending": [],
      "skipped": [],
      "duration": 0,
      "root": true,
      "rootEmpty": true,
      "_timeout": 2000
    }
  ],
  "meta": {
    "mocha": {
      "version": "7.0.1"
    },
    "mochawesome": {
      "options": {
        "quiet": false,
        "reportFilename": "report",
        "saveHtml": false,
        "saveJson": true,
        "consoleReporter": "spec",
        "useInlineDiffs": false,
        "code": true
      },
      "version": "6.2.2"
    },
    "marge": {
      "options": {
        "id": "default",
        "reportDir": "cypress/reports/mocha",
        "reportFilename": "report",
        "quite": true,
        "overwrite": false,
        "html": false,
        "json": true,
        "timestamp": "mmddyyyy_HHMMss"
      },
      "version": "5.2.0"
    }
  }
}